2019-12-12 21:06:08,802 INFO  [org.jboss.modules] (main) JBoss Modules version 1.9.1.Final
2019-12-12 21:06:09,503 INFO  [org.jboss.msc] (main) JBoss MSC version 1.4.8.Final
2019-12-12 21:06:09,517 INFO  [org.jboss.threads] (main) JBoss Threads version 2.3.3.Final
2019-12-12 21:06:09,714 INFO  [org.jboss.as] (MSC service thread 1-2) WFLYSRV0049: WildFly Full 17.0.1.Final (WildFly Core 9.0.2.Final) starting
2019-12-12 21:06:09,718 DEBUG [org.jboss.as.config] (MSC service thread 1-2) Configured system properties:
	[Standalone] = 
	awt.toolkit = sun.awt.X11.XToolkit
	file.encoding = UTF-8
	file.separator = /
	java.awt.graphicsenv = sun.awt.X11GraphicsEnvironment
	java.awt.headless = true
	java.awt.printerjob = sun.print.PSPrinterJob
	java.class.path = /home/leonardo/Documentos/projeto-calendario-unificado-ifsc/wildfly-17.0.1 .v1.Final/jboss-modules.jar
	java.class.version = 55.0
	java.home = /usr/lib/jvm/java-11-openjdk-amd64
	java.io.tmpdir = /tmp
	java.library.path = /usr/java/packages/lib:/usr/lib/x86_64-linux-gnu/jni:/lib/x86_64-linux-gnu:/usr/lib/x86_64-linux-gnu:/usr/lib/jni:/lib:/usr/lib
	java.net.preferIPv4Stack = true
	java.runtime.name = OpenJDK Runtime Environment
	java.runtime.version = 11.0.4+11-post-Ubuntu-1ubuntu218.04.3
	java.specification.name = Java Platform API Specification
	java.specification.vendor = Oracle Corporation
	java.specification.version = 11
	java.util.logging.manager = org.jboss.logmanager.LogManager
	java.vendor = Ubuntu
	java.vendor.url = https://ubuntu.com/
	java.vendor.url.bug = https://bugs.launchpad.net/ubuntu/+source/openjdk-lts
	java.version = 11.0.4
	java.version.date = 2019-07-16
	java.vm.compressedOopsMode = 32-bit
	java.vm.info = mixed mode, sharing
	java.vm.name = OpenJDK 64-Bit Server VM
	java.vm.specification.name = Java Virtual Machine Specification
	java.vm.specification.vendor = Oracle Corporation
	java.vm.specification.version = 11
	java.vm.vendor = Ubuntu
	java.vm.version = 11.0.4+11-post-Ubuntu-1ubuntu218.04.3
	javax.management.builder.initial = org.jboss.as.jmx.PluggableMBeanServerBuilder
	jboss.home.dir = /home/leonardo/Documentos/projeto-calendario-unificado-ifsc/wildfly-17.0.1 .v1.Final
	jboss.host.name = leonardo-acer
	jboss.modules.dir = /home/leonardo/Documentos/projeto-calendario-unificado-ifsc/wildfly-17.0.1 .v1.Final/modules
	jboss.modules.system.pkgs = org.jboss.byteman
	jboss.node.name = leonardo-acer
	jboss.qualified.host.name = leonardo-acer
	jboss.server.base.dir = /home/leonardo/Documentos/projeto-calendario-unificado-ifsc/wildfly-17.0.1 .v1.Final/standalone
	jboss.server.config.dir = /home/leonardo/Documentos/projeto-calendario-unificado-ifsc/wildfly-17.0.1 .v1.Final/standalone/configuration
	jboss.server.data.dir = /home/leonardo/Documentos/projeto-calendario-unificado-ifsc/wildfly-17.0.1 .v1.Final/standalone/data
	jboss.server.deploy.dir = /home/leonardo/Documentos/projeto-calendario-unificado-ifsc/wildfly-17.0.1 .v1.Final/standalone/data/content
	jboss.server.log.dir = /home/leonardo/Documentos/projeto-calendario-unificado-ifsc/wildfly-17.0.1 .v1.Final/standalone/log
	jboss.server.name = leonardo-acer
	jboss.server.persist.config = true
	jboss.server.temp.dir = /home/leonardo/Documentos/projeto-calendario-unificado-ifsc/wildfly-17.0.1 .v1.Final/standalone/tmp
	jdk.debug = release
	line.separator = 

	logging.configuration = file:/home/leonardo/Documentos/projeto-calendario-unificado-ifsc/wildfly-17.0.1 .v1.Final/standalone/configuration/logging.properties
	module.path = /home/leonardo/Documentos/projeto-calendario-unificado-ifsc/wildfly-17.0.1 .v1.Final/modules
	org.jboss.boot.log.file = /home/leonardo/Documentos/projeto-calendario-unificado-ifsc/wildfly-17.0.1 .v1.Final/standalone/log/server.log
	org.jboss.resolver.warning = true
	os.arch = amd64
	os.name = Linux
	os.version = 5.0.0-36-generic
	path.separator = :
	sun.arch.data.model = 64
	sun.boot.library.path = /usr/lib/jvm/java-11-openjdk-amd64/lib
	sun.cpu.endian = little
	sun.cpu.isalist = 
	sun.desktop = gnome
	sun.io.unicode.encoding = UnicodeLittle
	sun.java.command = /home/leonardo/Documentos/projeto-calendario-unificado-ifsc/wildfly-17.0.1 .v1.Final/jboss-modules.jar -mp /home/leonardo/Documentos/projeto-calendario-unificado-ifsc/wildfly-17.0.1 .v1.Final/modules org.jboss.as.standalone -Djboss.home.dir=/home/leonardo/Documentos/projeto-calendario-unificado-ifsc/wildfly-17.0.1 .v1.Final -Djboss.server.base.dir=/home/leonardo/Documentos/projeto-calendario-unificado-ifsc/wildfly-17.0.1 .v1.Final/standalone
	sun.java.launcher = SUN_STANDARD
	sun.jnu.encoding = UTF-8
	sun.management.compiler = HotSpot 64-Bit Tiered Compilers
	sun.os.patch.level = unknown
	user.country = BR
	user.dir = /home/leonardo/Documentos/projeto-calendario-unificado-ifsc/wildfly-17.0.1 .v1.Final/bin
	user.home = /home/leonardo
	user.language = pt
	user.name = leonardo
	user.timezone = America/Sao_Paulo
2019-12-12 21:06:09,721 DEBUG [org.jboss.as.config] (MSC service thread 1-2) VM Arguments: -D[Standalone] -Xms64m -Xmx512m -XX:MetaspaceSize=96M -XX:MaxMetaspaceSize=256m -Djava.net.preferIPv4Stack=true -Djboss.modules.system.pkgs=org.jboss.byteman -Djava.awt.headless=true --add-exports=java.base/sun.nio.ch=ALL-UNNAMED --add-exports=jdk.unsupported/sun.misc=ALL-UNNAMED --add-exports=jdk.unsupported/sun.reflect=ALL-UNNAMED -Dorg.jboss.boot.log.file=/home/leonardo/Documentos/projeto-calendario-unificado-ifsc/wildfly-17.0.1 .v1.Final/standalone/log/server.log -Dlogging.configuration=file:/home/leonardo/Documentos/projeto-calendario-unificado-ifsc/wildfly-17.0.1 .v1.Final/standalone/configuration/logging.properties 
2019-12-12 21:06:11,171 INFO  [org.wildfly.security] (ServerService Thread Pool -- 26) ELY00001: WildFly Elytron version 1.9.1.Final
2019-12-12 21:06:12,094 INFO  [org.jboss.as.controller.management-deprecated] (Controller Boot Thread) WFLYCTL0028: Attribute 'security-realm' in the resource at address '/core-service=management/management-interface=http-interface' is deprecated, and may be removed in a future version. See the attribute description in the output of the read-resource-description operation to learn more about the deprecation.
2019-12-12 21:06:12,153 INFO  [org.jboss.as.controller.management-deprecated] (ServerService Thread Pool -- 14) WFLYCTL0028: Attribute 'security-realm' in the resource at address '/subsystem=undertow/server=default-server/https-listener=https' is deprecated, and may be removed in a future version. See the attribute description in the output of the read-resource-description operation to learn more about the deprecation.
2019-12-12 21:06:12,356 INFO  [org.jboss.as.server] (Controller Boot Thread) WFLYSRV0039: Creating http management service using socket-binding (management-http)
2019-12-12 21:06:12,392 INFO  [org.xnio] (MSC service thread 1-1) XNIO version 3.7.2.Final
2019-12-12 21:06:12,406 INFO  [org.xnio.nio] (MSC service thread 1-1) XNIO NIO Implementation Version 3.7.2.Final
2019-12-12 21:06:12,478 INFO  [org.jboss.remoting] (MSC service thread 1-2) JBoss Remoting version 5.0.12.Final
2019-12-12 21:06:12,482 INFO  [org.jboss.as.clustering.infinispan] (ServerService Thread Pool -- 51) WFLYCLINF0001: Activating Infinispan subsystem.
2019-12-12 21:06:12,503 INFO  [org.wildfly.extension.microprofile.config.smallrye._private] (ServerService Thread Pool -- 60) WFLYCONF0001: Activating WildFly MicroProfile Config Subsystem
2019-12-12 21:06:12,570 INFO  [org.jboss.as.naming] (ServerService Thread Pool -- 64) WFLYNAM0001: Activating Naming Subsystem
2019-12-12 21:06:12,603 INFO  [org.jboss.as.security] (ServerService Thread Pool -- 70) WFLYSEC0002: Activating Security Subsystem
2019-12-12 21:06:12,629 INFO  [org.wildfly.extension.microprofile.health.smallrye] (ServerService Thread Pool -- 61) WFLYHEALTH0001: Activating Eclipse MicroProfile Health Subsystem
2019-12-12 21:06:12,558 INFO  [org.jboss.as.connector.subsystems.datasources] (ServerService Thread Pool -- 43) WFLYJCA0004: Deploying JDBC-compliant driver class org.h2.Driver (version 1.4)
2019-12-12 21:06:12,560 INFO  [org.jboss.as.jsf] (ServerService Thread Pool -- 58) WFLYJSF0007: Activated the following JSF Implementations: [main]
2019-12-12 21:06:12,585 INFO  [org.jboss.as.jaxrs] (ServerService Thread Pool -- 53) WFLYRS0016: RESTEasy version 3.7.0.Final
2019-12-12 21:06:12,555 INFO  [org.jboss.as.connector] (MSC service thread 1-3) WFLYJCA0009: Starting JCA Subsystem (WildFly/IronJacamar 1.4.16.Final)
2019-12-12 21:06:12,659 INFO  [org.wildfly.extension.microprofile.metrics.smallrye] (ServerService Thread Pool -- 62) WFLYMETRICS0001: Activating Eclipse MicroProfile Metrics Subsystem
2019-12-12 21:06:12,649 INFO  [org.wildfly.extension.microprofile.opentracing] (ServerService Thread Pool -- 63) WFLYTRACEXT0001: Activating MicroProfile OpenTracing Subsystem
2019-12-12 21:06:12,703 INFO  [org.jboss.as.webservices] (ServerService Thread Pool -- 74) WFLYWS0002: Activating WebServices Extension
2019-12-12 21:06:12,747 INFO  [io.smallrye.metrics] (MSC service thread 1-1) Converted [2] config entries and added [4] replacements
2019-12-12 21:06:12,751 INFO  [io.smallrye.metrics] (MSC service thread 1-1) Converted [3] config entries and added [18] replacements
2019-12-12 21:06:12,639 WARN  [org.jboss.as.txn] (ServerService Thread Pool -- 72) WFLYTX0013: The node-identifier attribute on the /subsystem=transactions is set to the default value. This is a danger for environments running multiple servers. Please make sure the attribute value is unique.
2019-12-12 21:06:12,674 INFO  [org.jboss.as.security] (MSC service thread 1-3) WFLYSEC0001: Current PicketBox version=5.0.3.Final
2019-12-12 21:06:12,716 INFO  [org.jboss.as.connector.deployers.jdbc] (MSC service thread 1-6) WFLYJCA0018: Started Driver service with driver-name = h2
2019-12-12 21:06:12,709 INFO  [org.jboss.as.naming] (MSC service thread 1-5) WFLYNAM0003: Starting Naming Service
2019-12-12 21:06:12,753 INFO  [org.jboss.as.mail.extension] (MSC service thread 1-8) WFLYMAIL0001: Bound mail session [java:jboss/mail/Default]
2019-12-12 21:06:12,856 INFO  [org.wildfly.extension.io] (ServerService Thread Pool -- 52) WFLYIO001: Worker 'default' has auto-configured to 8 core threads with 64 task threads based on your 4 available processors
2019-12-12 21:06:12,919 INFO  [org.wildfly.extension.undertow] (MSC service thread 1-6) WFLYUT0003: Undertow 2.0.21.Final starting
2019-12-12 21:06:13,199 INFO  [org.wildfly.extension.undertow] (ServerService Thread Pool -- 73) WFLYUT0014: Creating file handler for path '/home/leonardo/Documentos/projeto-calendario-unificado-ifsc/wildfly-17.0.1 .v1.Final/welcome-content' with options [directory-listing: 'false', follow-symlink: 'false', case-sensitive: 'true', safe-symlink-paths: '[]']
2019-12-12 21:06:13,216 INFO  [org.wildfly.extension.undertow] (MSC service thread 1-1) WFLYUT0012: Started server default-server.
2019-12-12 21:06:13,218 INFO  [org.wildfly.extension.undertow] (MSC service thread 1-6) WFLYUT0018: Host default-host starting
2019-12-12 21:06:13,417 INFO  [org.jboss.as.ejb3] (MSC service thread 1-3) WFLYEJB0482: Strict pool mdb-strict-max-pool is using a max instance size of 16 (per class), which is derived from the number of CPUs on this host.
2019-12-12 21:06:13,417 INFO  [org.jboss.as.ejb3] (MSC service thread 1-1) WFLYEJB0481: Strict pool slsb-strict-max-pool is using a max instance size of 64 (per class), which is derived from thread worker pool sizing.
2019-12-12 21:06:13,450 INFO  [org.wildfly.extension.undertow] (MSC service thread 1-2) WFLYUT0006: Undertow HTTP listener default listening on 127.0.0.1:8180
2019-12-12 21:06:13,718 INFO  [org.jboss.as.ejb3] (MSC service thread 1-3) WFLYEJB0493: EJB subsystem suspension complete
2019-12-12 21:06:13,843 INFO  [org.jboss.as.connector.subsystems.datasources] (MSC service thread 1-2) WFLYJCA0001: Bound data source [java:jboss/datasources/ExampleDS]
2019-12-12 21:06:14,249 INFO  [org.jboss.as.patching] (MSC service thread 1-6) WFLYPAT0050: WildFly Full cumulative patch ID is: base, one-off patches include: none
2019-12-12 21:06:14,268 WARN  [org.jboss.as.domain.management.security] (MSC service thread 1-5) WFLYDM0111: Keystore /home/leonardo/Documentos/projeto-calendario-unificado-ifsc/wildfly-17.0.1 .v1.Final/standalone/configuration/application.keystore not found, it will be auto generated on first use with a self signed certificate for host localhost
2019-12-12 21:06:14,286 INFO  [org.jboss.as.server.deployment.scanner] (MSC service thread 1-7) WFLYDS0013: Started FileSystemDeploymentService for directory /home/leonardo/Documentos/projeto-calendario-unificado-ifsc/wildfly-17.0.1 .v1.Final/standalone/deployments
2019-12-12 21:06:14,323 INFO  [org.jboss.as.server.deployment] (MSC service thread 1-4) WFLYSRV0027: Starting deployment of "projetocalendariofinal_war_exploded.war" (runtime-name: "projetocalendariofinal_war_exploded.war")
2019-12-12 21:06:14,485 INFO  [org.wildfly.extension.undertow] (MSC service thread 1-7) WFLYUT0006: Undertow HTTPS listener https listening on 127.0.0.1:8143
2019-12-12 21:06:14,772 INFO  [org.jboss.ws.common.management] (MSC service thread 1-3) JBWS022052: Starting JBossWS 5.3.0.Final (Apache CXF 3.3.2) 
2019-12-12 21:06:16,109 INFO  [org.jboss.as.jpa] (MSC service thread 1-5) WFLYJPA0002: Read persistence.xml for org.hibernate.tutorial.jpa
2019-12-12 21:06:16,484 INFO  [org.jboss.weld.deployer] (MSC service thread 1-7) WFLYWELD0003: Processing weld deployment projetocalendariofinal_war_exploded.war
2019-12-12 21:06:16,718 INFO  [org.infinispan.factories.GlobalComponentRegistry] (MSC service thread 1-5) ISPN000128: Infinispan version: Infinispan 'Infinity Minus ONE +2' 9.4.14.Final
2019-12-12 21:06:16,725 INFO  [org.hibernate.validator.internal.util.Version] (MSC service thread 1-7) HV000001: Hibernate Validator 6.0.16.Final
2019-12-12 21:06:17,023 INFO  [org.jboss.as.jpa] (ServerService Thread Pool -- 76) WFLYJPA0010: Starting Persistence Unit (phase 1 of 2) Service 'projetocalendariofinal_war_exploded.war#org.hibernate.tutorial.jpa'
2019-12-12 21:06:17,105 INFO  [org.hibernate.jpa.internal.util.LogHelper] (ServerService Thread Pool -- 76) HHH000204: Processing PersistenceUnitInfo [
	name: org.hibernate.tutorial.jpa
	...]
2019-12-12 21:06:17,401 INFO  [org.hibernate.Version] (ServerService Thread Pool -- 76) HHH000412: Hibernate Core {5.3.10.Final}
2019-12-12 21:06:17,408 INFO  [org.hibernate.cfg.Environment] (ServerService Thread Pool -- 76) HHH000206: hibernate.properties not found
2019-12-12 21:06:17,553 INFO  [org.jboss.as.clustering.infinispan] (ServerService Thread Pool -- 77) WFLYCLINF0002: Started client-mappings cache from ejb container
2019-12-12 21:06:17,623 INFO  [org.jboss.as.connector.deployers.jdbc] (MSC service thread 1-5) WFLYJCA0005: Deploying non-JDBC-compliant driver class org.postgresql.Driver (version 42.2)
2019-12-12 21:06:17,677 INFO  [org.jboss.weld.Version] (MSC service thread 1-5) WELD-000900: 3.1.1 (Final)
2019-12-12 21:06:17,771 INFO  [org.jboss.as.connector.deployers.jdbc] (MSC service thread 1-4) WFLYJCA0018: Started Driver service with driver-name = projetocalendariofinal_war_exploded.war_org.postgresql.Driver_42_2
2019-12-12 21:06:17,872 INFO  [org.hibernate.annotations.common.Version] (ServerService Thread Pool -- 76) HCANN000001: Hibernate Commons Annotations {5.0.5.Final}
2019-12-12 21:06:18,099 INFO  [org.jboss.as.jpa] (ServerService Thread Pool -- 76) WFLYJPA0010: Starting Persistence Unit (phase 2 of 2) Service 'projetocalendariofinal_war_exploded.war#org.hibernate.tutorial.jpa'
2019-12-12 21:06:18,129 WARN  [org.hibernate.orm.connections.pooling] (ServerService Thread Pool -- 76) HHH10001002: Using Hibernate built-in connection pool (not for production use!)
2019-12-12 21:06:18,130 INFO  [org.hibernate.orm.connections.pooling] (ServerService Thread Pool -- 76) HHH10001005: using driver [org.postgresql.Driver] at URL [jdbc:postgresql://localhost/calendariounificado]
2019-12-12 21:06:18,131 INFO  [org.hibernate.orm.connections.pooling] (ServerService Thread Pool -- 76) HHH10001001: Connection properties: {password=****, user=postgres, shutdown=true}
2019-12-12 21:06:18,131 INFO  [org.hibernate.orm.connections.pooling] (ServerService Thread Pool -- 76) HHH10001003: Autocommit mode: false
2019-12-12 21:06:18,134 INFO  [org.hibernate.engine.jdbc.connections.internal.DriverManagerConnectionProviderImpl] (ServerService Thread Pool -- 76) HHH000115: Hibernate connection pool size: 20 (min=1)
2019-12-12 21:06:18,404 INFO  [org.hibernate.dialect.Dialect] (ServerService Thread Pool -- 76) HHH000400: Using dialect: org.hibernate.dialect.PostgreSQLDialect
2019-12-12 21:06:18,704 INFO  [org.hibernate.engine.jdbc.env.internal.LobCreatorBuilderImpl] (ServerService Thread Pool -- 76) HHH000424: Disabling contextual LOB creation as createClob() method threw error : java.lang.reflect.InvocationTargetException
2019-12-12 21:06:18,710 INFO  [org.hibernate.type.BasicTypeRegistry] (ServerService Thread Pool -- 76) HHH000270: Type registration [java.util.UUID] overrides previous : org.hibernate.type.UUIDBinaryType@302e5fc7
2019-12-12 21:06:18,722 INFO  [org.hibernate.envers.boot.internal.EnversServiceImpl] (ServerService Thread Pool -- 76) Envers integration enabled? : true
2019-12-12 21:06:19,622 INFO  [org.hibernate.orm.connections.access] (ServerService Thread Pool -- 76) HHH10001501: Connection obtained from JdbcConnectionAccess [org.hibernate.engine.jdbc.env.internal.JdbcEnvironmentInitiator$ConnectionProviderJdbcConnectionAccess@6b17ac5a] for (non-JTA) DDL execution was not in auto-commit mode; the Connection 'local transaction' will be committed and the Connection will be set into auto-commit mode.
2019-12-12 21:06:19,936 WARN  [org.jboss.weld.Bootstrap] (MSC service thread 1-3) WELD-000146: BeforeBeanDiscovery.addAnnotatedType(AnnotatedType<?>) used for class com.sun.faces.flow.FlowDiscoveryCDIHelper is deprecated from CDI 1.1!
2019-12-12 21:06:19,949 INFO  [io.smallrye.metrics] (MSC service thread 1-3) MicroProfile: Metrics activated
2019-12-12 21:06:21,000 INFO  [javax.enterprise.resource.webcontainer.jsf.config] (ServerService Thread Pool -- 76) Inicializando Mojarra 2.3.9.SP02 para o contexto '/projetocalendariofinal_war_exploded'
2019-12-12 21:06:21,581 WARNING [javax.enterprise.resource.webcontainer.jsf.application] (ServerService Thread Pool -- 76) @FacesConverter is using both value and forClass, only value will be applied.
2019-12-12 21:06:21,581 WARNING [javax.enterprise.resource.webcontainer.jsf.application] (ServerService Thread Pool -- 76) @FacesConverter is using both value and forClass, only value will be applied.
2019-12-12 21:06:22,229 INFO  [org.primefaces.webapp.PostConstructApplicationEventListener] (ServerService Thread Pool -- 76) Running on PrimeFaces 6.1
2019-12-12 21:06:22,323 INFO  [org.wildfly.extension.undertow] (ServerService Thread Pool -- 76) WFLYUT0021: Registered web context: '/projetocalendariofinal_war_exploded' for server 'default-server'
2019-12-12 21:06:22,445 INFO  [org.jboss.as.server] (Controller Boot Thread) WFLYSRV0010: Deployed "projetocalendariofinal_war_exploded.war" (runtime-name : "projetocalendariofinal_war_exploded.war")
2019-12-12 21:06:22,534 INFO  [org.jboss.as.server] (Controller Boot Thread) WFLYSRV0212: Resuming server
2019-12-12 21:06:22,536 INFO  [org.jboss.as] (Controller Boot Thread) WFLYSRV0060: Http management interface listening on http://127.0.0.1:9090/management
2019-12-12 21:06:22,537 INFO  [org.jboss.as] (Controller Boot Thread) WFLYSRV0051: Admin console listening on http://127.0.0.1:9090
2019-12-12 21:06:22,537 INFO  [org.jboss.as] (Controller Boot Thread) WFLYSRV0025: WildFly Full 17.0.1.Final (WildFly Core 9.0.2.Final) started in 14595ms - Started 537 of 750 services (374 services are lazy, passive or on-demand)
2019-12-12 21:06:47,390 INFO  [stdout] (default task-1) reitoria@ifsc.edu.br
2019-12-12 21:06:47,391 INFO  [stdout] (default task-1) 9af9de4b43cfd0d9d4e196fcced09bfd
2019-12-12 21:06:47,452 INFO  [org.hibernate.jpa.internal.util.LogHelper] (default task-1) HHH000204: Processing PersistenceUnitInfo [
	name: org.hibernate.tutorial.jpa
	...]
2019-12-12 21:06:47,461 WARN  [org.hibernate.orm.connections.pooling] (default task-1) HHH10001002: Using Hibernate built-in connection pool (not for production use!)
2019-12-12 21:06:47,462 INFO  [org.hibernate.orm.connections.pooling] (default task-1) HHH10001005: using driver [org.postgresql.Driver] at URL [jdbc:postgresql://localhost/calendariounificado]
2019-12-12 21:06:47,462 INFO  [org.hibernate.orm.connections.pooling] (default task-1) HHH10001001: Connection properties: {password=****, user=postgres, shutdown=true}
2019-12-12 21:06:47,463 INFO  [org.hibernate.orm.connections.pooling] (default task-1) HHH10001003: Autocommit mode: false
2019-12-12 21:06:47,463 INFO  [org.hibernate.engine.jdbc.connections.internal.DriverManagerConnectionProviderImpl] (default task-1) HHH000115: Hibernate connection pool size: 20 (min=1)
2019-12-12 21:06:47,487 INFO  [org.hibernate.dialect.Dialect] (default task-1) HHH000400: Using dialect: org.hibernate.dialect.PostgreSQLDialect
2019-12-12 21:06:47,611 INFO  [org.hibernate.engine.jdbc.env.internal.LobCreatorBuilderImpl] (default task-1) HHH000424: Disabling contextual LOB creation as createClob() method threw error : java.lang.reflect.InvocationTargetException
2019-12-12 21:06:47,614 INFO  [org.hibernate.type.BasicTypeRegistry] (default task-1) HHH000270: Type registration [java.util.UUID] overrides previous : org.hibernate.type.UUIDBinaryType@302e5fc7
2019-12-12 21:06:47,615 INFO  [org.hibernate.envers.boot.internal.EnversServiceImpl] (default task-1) Envers integration enabled? : true
2019-12-12 21:06:47,629 INFO  [org.hibernate.orm.beans] (default task-1) HHH10005002: No explicit CDI BeanManager reference was passed to Hibernate, but CDI is available on the Hibernate ClassLoader.
2019-12-12 21:06:47,688 INFO  [org.hibernate.orm.connections.access] (default task-1) HHH10001501: Connection obtained from JdbcConnectionAccess [org.hibernate.engine.jdbc.env.internal.JdbcEnvironmentInitiator$ConnectionProviderJdbcConnectionAccess@3a21d9f2] for (non-JTA) DDL execution was not in auto-commit mode; the Connection 'local transaction' will be committed and the Connection will be set into auto-commit mode.
2019-12-12 21:06:47,891 INFO  [org.hibernate.hql.internal.QueryTranslatorFactoryInitiator] (default task-1) HHH000397: Using ASTQueryTranslatorFactory
2019-12-12 21:06:48,014 INFO  [stdout] (default task-1) Hibernate: 
2019-12-12 21:06:48,014 INFO  [stdout] (default task-1)     select
2019-12-12 21:06:48,014 INFO  [stdout] (default task-1)         user0_.usuario_id as usuario_1_3_,
2019-12-12 21:06:48,014 INFO  [stdout] (default task-1)         user0_.campus_id as campus_i6_3_,
2019-12-12 21:06:48,014 INFO  [stdout] (default task-1)         user0_.email as email2_3_,
2019-12-12 21:06:48,015 INFO  [stdout] (default task-1)         user0_.nome as nome3_3_,
2019-12-12 21:06:48,015 INFO  [stdout] (default task-1)         user0_.senha as senha4_3_,
2019-12-12 21:06:48,015 INFO  [stdout] (default task-1)         user0_.tipo_usuario as tipo_usu5_3_ 
2019-12-12 21:06:48,015 INFO  [stdout] (default task-1)     from
2019-12-12 21:06:48,015 INFO  [stdout] (default task-1)         Usuario user0_ 
2019-12-12 21:06:48,015 INFO  [stdout] (default task-1)     where
2019-12-12 21:06:48,015 INFO  [stdout] (default task-1)         user0_.email=? 
2019-12-12 21:06:48,016 INFO  [stdout] (default task-1)         and user0_.senha=?
2019-12-12 21:06:48,043 INFO  [stdout] (default task-1) Hibernate: 
2019-12-12 21:06:48,043 INFO  [stdout] (default task-1)     select
2019-12-12 21:06:48,043 INFO  [stdout] (default task-1)         campus0_.id as id1_1_0_,
2019-12-12 21:06:48,044 INFO  [stdout] (default task-1)         campus0_.cidade as cidade2_1_0_,
2019-12-12 21:06:48,044 INFO  [stdout] (default task-1)         campus0_.nome as nome3_1_0_,
2019-12-12 21:06:48,044 INFO  [stdout] (default task-1)         campus0_.utilizacao as utilizac4_1_0_ 
2019-12-12 21:06:48,044 INFO  [stdout] (default task-1)     from
2019-12-12 21:06:48,044 INFO  [stdout] (default task-1)         Campus campus0_ 
2019-12-12 21:06:48,044 INFO  [stdout] (default task-1)     where
2019-12-12 21:06:48,044 INFO  [stdout] (default task-1)         campus0_.id=?
2019-12-12 21:06:48,055 INFO  [stdout] (default task-1) Hibernate: 
2019-12-12 21:06:48,055 INFO  [stdout] (default task-1)     select
2019-12-12 21:06:48,056 INFO  [stdout] (default task-1)         calendars0_.usuario_id as usuario_8_0_0_,
2019-12-12 21:06:48,056 INFO  [stdout] (default task-1)         calendars0_.id as id1_0_0_,
2019-12-12 21:06:48,056 INFO  [stdout] (default task-1)         calendars0_.id as id1_0_1_,
2019-12-12 21:06:48,056 INFO  [stdout] (default task-1)         calendars0_.ano as ano2_0_1_,
2019-12-12 21:06:48,056 INFO  [stdout] (default task-1)         calendars0_.data_de_criacao as data_de_3_0_1_,
2019-12-12 21:06:48,056 INFO  [stdout] (default task-1)         calendars0_.liberar as liberar4_0_1_,
2019-12-12 21:06:48,056 INFO  [stdout] (default task-1)         calendars0_.enviado as enviado5_0_1_,
2019-12-12 21:06:48,057 INFO  [stdout] (default task-1)         calendars0_.subtitulo as subtitul6_0_1_,
2019-12-12 21:06:48,057 INFO  [stdout] (default task-1)         calendars0_.titulo as titulo7_0_1_,
2019-12-12 21:06:48,057 INFO  [stdout] (default task-1)         calendars0_.usuario_id as usuario_8_0_1_ 
2019-12-12 21:06:48,057 INFO  [stdout] (default task-1)     from
2019-12-12 21:06:48,057 INFO  [stdout] (default task-1)         Calendario calendars0_ 
2019-12-12 21:06:48,057 INFO  [stdout] (default task-1)     where
2019-12-12 21:06:48,057 INFO  [stdout] (default task-1)         calendars0_.usuario_id=?
2019-12-12 21:06:48,064 INFO  [stdout] (default task-1) Hibernate: 
2019-12-12 21:06:48,064 INFO  [stdout] (default task-1)     select
2019-12-12 21:06:48,064 INFO  [stdout] (default task-1)         dates0_.id as id5_2_0_,
2019-12-12 21:06:48,064 INFO  [stdout] (default task-1)         dates0_.data_id as data_id1_2_0_,
2019-12-12 21:06:48,065 INFO  [stdout] (default task-1)         dates0_.data_id as data_id1_2_1_,
2019-12-12 21:06:48,065 INFO  [stdout] (default task-1)         dates0_.id as id5_2_1_,
2019-12-12 21:06:48,065 INFO  [stdout] (default task-1)         dates0_.data as data2_2_1_,
2019-12-12 21:06:48,065 INFO  [stdout] (default task-1)         dates0_.descricao as descrica3_2_1_,
2019-12-12 21:06:48,065 INFO  [stdout] (default task-1)         dates0_.tipo_data as tipo_dat4_2_1_ 
2019-12-12 21:06:48,065 INFO  [stdout] (default task-1)     from
2019-12-12 21:06:48,065 INFO  [stdout] (default task-1)         Data dates0_ 
2019-12-12 21:06:48,065 INFO  [stdout] (default task-1)     where
2019-12-12 21:06:48,065 INFO  [stdout] (default task-1)         dates0_.id=?
2019-12-12 21:06:48,159 INFO  [stdout] (default task-1) opa
2019-12-12 21:06:48,165 INFO  [org.hibernate.jpa.internal.util.LogHelper] (default task-1) HHH000204: Processing PersistenceUnitInfo [
	name: org.hibernate.tutorial.jpa
	...]
2019-12-12 21:06:48,173 WARN  [org.hibernate.orm.connections.pooling] (default task-1) HHH10001002: Using Hibernate built-in connection pool (not for production use!)
2019-12-12 21:06:48,173 INFO  [org.hibernate.orm.connections.pooling] (default task-1) HHH10001005: using driver [org.postgresql.Driver] at URL [jdbc:postgresql://localhost/calendariounificado]
2019-12-12 21:06:48,174 INFO  [org.hibernate.orm.connections.pooling] (default task-1) HHH10001001: Connection properties: {password=****, user=postgres, shutdown=true}
2019-12-12 21:06:48,174 INFO  [org.hibernate.orm.connections.pooling] (default task-1) HHH10001003: Autocommit mode: false
2019-12-12 21:06:48,174 INFO  [org.hibernate.engine.jdbc.connections.internal.DriverManagerConnectionProviderImpl] (default task-1) HHH000115: Hibernate connection pool size: 20 (min=1)
2019-12-12 21:06:48,203 INFO  [org.hibernate.dialect.Dialect] (default task-1) HHH000400: Using dialect: org.hibernate.dialect.PostgreSQLDialect
2019-12-12 21:06:48,286 INFO  [org.hibernate.engine.jdbc.env.internal.LobCreatorBuilderImpl] (default task-1) HHH000424: Disabling contextual LOB creation as createClob() method threw error : java.lang.reflect.InvocationTargetException
2019-12-12 21:06:48,287 INFO  [org.hibernate.type.BasicTypeRegistry] (default task-1) HHH000270: Type registration [java.util.UUID] overrides previous : org.hibernate.type.UUIDBinaryType@302e5fc7
2019-12-12 21:06:48,288 INFO  [org.hibernate.envers.boot.internal.EnversServiceImpl] (default task-1) Envers integration enabled? : true
2019-12-12 21:06:48,302 INFO  [org.hibernate.orm.beans] (default task-1) HHH10005002: No explicit CDI BeanManager reference was passed to Hibernate, but CDI is available on the Hibernate ClassLoader.
2019-12-12 21:06:48,336 INFO  [org.hibernate.orm.connections.access] (default task-1) HHH10001501: Connection obtained from JdbcConnectionAccess [org.hibernate.engine.jdbc.env.internal.JdbcEnvironmentInitiator$ConnectionProviderJdbcConnectionAccess@7dcfd59e] for (non-JTA) DDL execution was not in auto-commit mode; the Connection 'local transaction' will be committed and the Connection will be set into auto-commit mode.
2019-12-12 21:06:48,400 INFO  [org.hibernate.hql.internal.QueryTranslatorFactoryInitiator] (default task-1) HHH000397: Using ASTQueryTranslatorFactory
2019-12-12 21:06:48,404 INFO  [stdout] (default task-1) Hibernate: 
2019-12-12 21:06:48,404 INFO  [stdout] (default task-1)     select
2019-12-12 21:06:48,404 INFO  [stdout] (default task-1)         user0_.usuario_id as usuario_1_3_,
2019-12-12 21:06:48,404 INFO  [stdout] (default task-1)         user0_.campus_id as campus_i6_3_,
2019-12-12 21:06:48,404 INFO  [stdout] (default task-1)         user0_.email as email2_3_,
2019-12-12 21:06:48,404 INFO  [stdout] (default task-1)         user0_.nome as nome3_3_,
2019-12-12 21:06:48,404 INFO  [stdout] (default task-1)         user0_.senha as senha4_3_,
2019-12-12 21:06:48,404 INFO  [stdout] (default task-1)         user0_.tipo_usuario as tipo_usu5_3_ 
2019-12-12 21:06:48,405 INFO  [stdout] (default task-1)     from
2019-12-12 21:06:48,405 INFO  [stdout] (default task-1)         Usuario user0_ 
2019-12-12 21:06:48,405 INFO  [stdout] (default task-1)     where
2019-12-12 21:06:48,405 INFO  [stdout] (default task-1)         user0_.email=? 
2019-12-12 21:06:48,405 INFO  [stdout] (default task-1)         and user0_.senha=?
2019-12-12 21:06:48,407 INFO  [stdout] (default task-1) Hibernate: 
2019-12-12 21:06:48,408 INFO  [stdout] (default task-1)     select
2019-12-12 21:06:48,408 INFO  [stdout] (default task-1)         campus0_.id as id1_1_0_,
2019-12-12 21:06:48,408 INFO  [stdout] (default task-1)         campus0_.cidade as cidade2_1_0_,
2019-12-12 21:06:48,408 INFO  [stdout] (default task-1)         campus0_.nome as nome3_1_0_,
2019-12-12 21:06:48,408 INFO  [stdout] (default task-1)         campus0_.utilizacao as utilizac4_1_0_ 
2019-12-12 21:06:48,408 INFO  [stdout] (default task-1)     from
2019-12-12 21:06:48,408 INFO  [stdout] (default task-1)         Campus campus0_ 
2019-12-12 21:06:48,408 INFO  [stdout] (default task-1)     where
2019-12-12 21:06:48,409 INFO  [stdout] (default task-1)         campus0_.id=?
2019-12-12 21:06:48,411 INFO  [stdout] (default task-1) Hibernate: 
2019-12-12 21:06:48,411 INFO  [stdout] (default task-1)     select
2019-12-12 21:06:48,411 INFO  [stdout] (default task-1)         calendars0_.usuario_id as usuario_8_0_0_,
2019-12-12 21:06:48,411 INFO  [stdout] (default task-1)         calendars0_.id as id1_0_0_,
2019-12-12 21:06:48,411 INFO  [stdout] (default task-1)         calendars0_.id as id1_0_1_,
2019-12-12 21:06:48,411 INFO  [stdout] (default task-1)         calendars0_.ano as ano2_0_1_,
2019-12-12 21:06:48,412 INFO  [stdout] (default task-1)         calendars0_.data_de_criacao as data_de_3_0_1_,
2019-12-12 21:06:48,412 INFO  [stdout] (default task-1)         calendars0_.liberar as liberar4_0_1_,
2019-12-12 21:06:48,412 INFO  [stdout] (default task-1)         calendars0_.enviado as enviado5_0_1_,
2019-12-12 21:06:48,412 INFO  [stdout] (default task-1)         calendars0_.subtitulo as subtitul6_0_1_,
2019-12-12 21:06:48,412 INFO  [stdout] (default task-1)         calendars0_.titulo as titulo7_0_1_,
2019-12-12 21:06:48,412 INFO  [stdout] (default task-1)         calendars0_.usuario_id as usuario_8_0_1_ 
2019-12-12 21:06:48,412 INFO  [stdout] (default task-1)     from
2019-12-12 21:06:48,412 INFO  [stdout] (default task-1)         Calendario calendars0_ 
2019-12-12 21:06:48,412 INFO  [stdout] (default task-1)     where
2019-12-12 21:06:48,412 INFO  [stdout] (default task-1)         calendars0_.usuario_id=?
2019-12-12 21:06:48,415 INFO  [stdout] (default task-1) Hibernate: 
2019-12-12 21:06:48,415 INFO  [stdout] (default task-1)     select
2019-12-12 21:06:48,415 INFO  [stdout] (default task-1)         dates0_.id as id5_2_0_,
2019-12-12 21:06:48,415 INFO  [stdout] (default task-1)         dates0_.data_id as data_id1_2_0_,
2019-12-12 21:06:48,416 INFO  [stdout] (default task-1)         dates0_.data_id as data_id1_2_1_,
2019-12-12 21:06:48,416 INFO  [stdout] (default task-1)         dates0_.id as id5_2_1_,
2019-12-12 21:06:48,416 INFO  [stdout] (default task-1)         dates0_.data as data2_2_1_,
2019-12-12 21:06:48,416 INFO  [stdout] (default task-1)         dates0_.descricao as descrica3_2_1_,
2019-12-12 21:06:48,416 INFO  [stdout] (default task-1)         dates0_.tipo_data as tipo_dat4_2_1_ 
2019-12-12 21:06:48,416 INFO  [stdout] (default task-1)     from
2019-12-12 21:06:48,416 INFO  [stdout] (default task-1)         Data dates0_ 
2019-12-12 21:06:48,416 INFO  [stdout] (default task-1)     where
2019-12-12 21:06:48,416 INFO  [stdout] (default task-1)         dates0_.id=?
